ARM GAS  C:\Users\Santiago\AppData\Local\Temp\ccCgoSLJ.s 			page 1


   1              		.syntax unified
   2              		.cpu cortex-m3
   3              		.fpu softvfp
   4              		.eabi_attribute 20, 1
   5              		.eabi_attribute 21, 1
   6              		.eabi_attribute 23, 3
   7              		.eabi_attribute 24, 1
   8              		.eabi_attribute 25, 1
   9              		.eabi_attribute 26, 1
  10              		.eabi_attribute 30, 1
  11              		.eabi_attribute 34, 1
  12              		.eabi_attribute 18, 4
  13              		.thumb
  14              		.syntax unified
  15              		.file	"main.c"
  16              		.text
  17              	.Ltext0:
  18              		.cfi_sections	.debug_frame
  19              		.global	__aeabi_i2d
  20              		.global	__aeabi_dmul
  21              		.global	__aeabi_d2uiz
  22              		.section	.text.main,"ax",%progbits
  23              		.align	2
  24              		.global	main
  25              		.thumb
  26              		.thumb_func
  27              		.type	main, %function
  28              	main:
  29              	.LFB63:
  30              		.file 1 "main.c"
   1:main.c        **** /* ========================================
   2:main.c        ****  *
   3:main.c        ****  * Copyright YOUR COMPANY, THE YEAR
   4:main.c        ****  * All Rights Reserved
   5:main.c        ****  * UNPUBLISHED, LICENSED SOFTWARE.
   6:main.c        ****  *
   7:main.c        ****  * CONFIDENTIAL AND PROPRIETARY INFORMATION
   8:main.c        ****  * WHICH IS THE PROPERTY OF your company.
   9:main.c        ****  *
  10:main.c        ****  * ========================================
  11:main.c        **** */
  12:main.c        **** #include "project.h"
  13:main.c        **** 
  14:main.c        **** uint16 VALADC;
  15:main.c        **** uint16 Vref;
  16:main.c        **** int main(void)
  17:main.c        **** {
  31              		.loc 1 17 0
  32              		.cfi_startproc
  33              		@ Volatile: function does not return.
  34              		@ args = 0, pretend = 0, frame = 0
  35              		@ frame_needed = 0, uses_anonymous_args = 0
  36 0000 08B5     		push	{r3, lr}
  37              		.cfi_def_cfa_offset 8
  38              		.cfi_offset 3, -8
  39              		.cfi_offset 14, -4
  18:main.c        ****     CyGlobalIntEnable; /* Enable global interrupts. */
ARM GAS  C:\Users\Santiago\AppData\Local\Temp\ccCgoSLJ.s 			page 2


  40              		.loc 1 18 0
  41              		.syntax unified
  42              	@ 18 "main.c" 1
  43 0002 62B6     		CPSIE   i
  44              	@ 0 "" 2
  19:main.c        **** 
  20:main.c        ****     /* Place your initialization/startup code here (e.g. MyInst_Start()) */
  21:main.c        ****     ADC_Start();
  45              		.loc 1 21 0
  46              		.thumb
  47              		.syntax unified
  48 0004 FFF7FEFF 		bl	ADC_Start
  49              	.LVL0:
  22:main.c        ****     LCD_Start();
  50              		.loc 1 22 0
  51 0008 FFF7FEFF 		bl	LCD_Start
  52              	.LVL1:
  23:main.c        ****     Opamp_1_Start();
  53              		.loc 1 23 0
  54 000c FFF7FEFF 		bl	Opamp_1_Start
  55              	.LVL2:
  56              	.L2:
  24:main.c        ****     for(;;)
  25:main.c        ****     {
  26:main.c        ****         /* Place your application code here. */
  27:main.c        ****         ADC_StartConvert();
  57              		.loc 1 27 0 discriminator 1
  58 0010 FFF7FEFF 		bl	ADC_StartConvert
  59              	.LVL3:
  28:main.c        ****         ADC_IsEndConversion(ADC_WAIT_FOR_RESULT);
  60              		.loc 1 28 0 discriminator 1
  61 0014 0020     		movs	r0, #0
  62 0016 FFF7FEFF 		bl	ADC_IsEndConversion
  63              	.LVL4:
  29:main.c        ****         VALADC = ADC_GetResult16();
  64              		.loc 1 29 0 discriminator 1
  65 001a FFF7FEFF 		bl	ADC_GetResult16
  66              	.LVL5:
  67 001e 324C     		ldr	r4, .L4+8
  68 0020 2080     		strh	r0, [r4]	@ movhi
  30:main.c        ****         
  31:main.c        ****         LCD_Position(0,0);
  69              		.loc 1 31 0 discriminator 1
  70 0022 0021     		movs	r1, #0
  71 0024 0846     		mov	r0, r1
  72 0026 FFF7FEFF 		bl	LCD_Position
  73              	.LVL6:
  32:main.c        ****         LCD_PrintString("ADC = ");
  74              		.loc 1 32 0 discriminator 1
  75 002a 3048     		ldr	r0, .L4+12
  76 002c FFF7FEFF 		bl	LCD_PrintString
  77              	.LVL7:
  33:main.c        ****         LCD_PrintNumber(VALADC);
  78              		.loc 1 33 0 discriminator 1
  79 0030 2088     		ldrh	r0, [r4]
  80 0032 FFF7FEFF 		bl	LCD_PrintU32Number
  81              	.LVL8:
ARM GAS  C:\Users\Santiago\AppData\Local\Temp\ccCgoSLJ.s 			page 3


  34:main.c        ****         
  35:main.c        ****         LCD_Position(1,0);
  82              		.loc 1 35 0 discriminator 1
  83 0036 0021     		movs	r1, #0
  84 0038 0120     		movs	r0, #1
  85 003a FFF7FEFF 		bl	LCD_Position
  86              	.LVL9:
  36:main.c        ****         LCD_PrintString("Vref+ = ");
  87              		.loc 1 36 0 discriminator 1
  88 003e 2C48     		ldr	r0, .L4+16
  89 0040 FFF7FEFF 		bl	LCD_PrintString
  90              	.LVL10:
  37:main.c        ****         Vref = (4095*1000/VALADC) * 1.024;
  91              		.loc 1 37 0 discriminator 1
  92 0044 2388     		ldrh	r3, [r4]
  93 0046 2B48     		ldr	r0, .L4+20
  94 0048 90FBF3F0 		sdiv	r0, r0, r3
  95 004c FFF7FEFF 		bl	__aeabi_i2d
  96              	.LVL11:
  97 0050 23A3     		adr	r3, .L4
  98 0052 D3E90023 		ldrd	r2, [r3]
  99 0056 FFF7FEFF 		bl	__aeabi_dmul
 100              	.LVL12:
 101 005a FFF7FEFF 		bl	__aeabi_d2uiz
 102              	.LVL13:
 103 005e 80B2     		uxth	r0, r0
 104 0060 254D     		ldr	r5, .L4+24
 105 0062 2880     		strh	r0, [r5]	@ movhi
  38:main.c        ****         LCD_PrintNumber(Vref/1000);
 106              		.loc 1 38 0 discriminator 1
 107 0064 254B     		ldr	r3, .L4+28
 108 0066 A3FB0030 		umull	r3, r0, r3, r0
 109 006a 8009     		lsrs	r0, r0, #6
 110 006c FFF7FEFF 		bl	LCD_PrintU32Number
 111              	.LVL14:
  39:main.c        ****         LCD_PutChar('.');
 112              		.loc 1 39 0 discriminator 1
 113 0070 2E20     		movs	r0, #46
 114 0072 FFF7FEFF 		bl	LCD_PutChar
 115              	.LVL15:
  40:main.c        ****         LCD_PrintNumber(Vref/100%10);
 116              		.loc 1 40 0 discriminator 1
 117 0076 2B88     		ldrh	r3, [r5]
 118 0078 2148     		ldr	r0, .L4+32
 119 007a A0FB0323 		umull	r2, r3, r0, r3
 120 007e 5B09     		lsrs	r3, r3, #5
 121 0080 204C     		ldr	r4, .L4+36
 122 0082 A4FB0312 		umull	r1, r2, r4, r3
 123 0086 D208     		lsrs	r2, r2, #3
 124 0088 02EB8202 		add	r2, r2, r2, lsl #2
 125 008c 5000     		lsls	r0, r2, #1
 126 008e 181A     		subs	r0, r3, r0
 127 0090 80B2     		uxth	r0, r0
 128 0092 FFF7FEFF 		bl	LCD_PrintU32Number
 129              	.LVL16:
  41:main.c        ****         LCD_PrintNumber(Vref/10%10);
 130              		.loc 1 41 0 discriminator 1
ARM GAS  C:\Users\Santiago\AppData\Local\Temp\ccCgoSLJ.s 			page 4


 131 0096 2B88     		ldrh	r3, [r5]
 132 0098 A4FB0323 		umull	r2, r3, r4, r3
 133 009c DB08     		lsrs	r3, r3, #3
 134 009e A4FB0312 		umull	r1, r2, r4, r3
 135 00a2 D208     		lsrs	r2, r2, #3
 136 00a4 02EB8202 		add	r2, r2, r2, lsl #2
 137 00a8 5000     		lsls	r0, r2, #1
 138 00aa 181A     		subs	r0, r3, r0
 139 00ac 80B2     		uxth	r0, r0
 140 00ae FFF7FEFF 		bl	LCD_PrintU32Number
 141              	.LVL17:
  42:main.c        ****         LCD_PrintNumber(Vref%10);
 142              		.loc 1 42 0 discriminator 1
 143 00b2 2B88     		ldrh	r3, [r5]
 144 00b4 A4FB0324 		umull	r2, r4, r4, r3
 145 00b8 E408     		lsrs	r4, r4, #3
 146 00ba 04EB8404 		add	r4, r4, r4, lsl #2
 147 00be 6000     		lsls	r0, r4, #1
 148 00c0 181A     		subs	r0, r3, r0
 149 00c2 80B2     		uxth	r0, r0
 150 00c4 FFF7FEFF 		bl	LCD_PrintU32Number
 151              	.LVL18:
  43:main.c        ****         LCD_PrintString(" V");
 152              		.loc 1 43 0 discriminator 1
 153 00c8 0F48     		ldr	r0, .L4+40
 154 00ca FFF7FEFF 		bl	LCD_PrintString
 155              	.LVL19:
  44:main.c        ****         CyDelay(500);
 156              		.loc 1 44 0 discriminator 1
 157 00ce 4FF4FA70 		mov	r0, #500
 158 00d2 FFF7FEFF 		bl	CyDelay
 159              	.LVL20:
  45:main.c        ****         
  46:main.c        ****         LCD_ClearDisplay();
 160              		.loc 1 46 0 discriminator 1
 161 00d6 0120     		movs	r0, #1
 162 00d8 FFF7FEFF 		bl	LCD_WriteControl
 163              	.LVL21:
 164 00dc 98E7     		b	.L2
 165              	.L5:
 166 00de 00BF     		.align	3
 167              	.L4:
 168 00e0 FCA9F1D2 		.word	-755914244
 169 00e4 4D62F03F 		.word	1072718413
 170 00e8 00000000 		.word	VALADC
 171 00ec 00000000 		.word	.LC0
 172 00f0 08000000 		.word	.LC1
 173 00f4 187C3E00 		.word	4095000
 174 00f8 00000000 		.word	Vref
 175 00fc D34D6210 		.word	274877907
 176 0100 1F85EB51 		.word	1374389535
 177 0104 CDCCCCCC 		.word	-858993459
 178 0108 14000000 		.word	.LC2
 179              		.cfi_endproc
 180              	.LFE63:
 181              		.size	main, .-main
 182              		.comm	Vref,2,2
ARM GAS  C:\Users\Santiago\AppData\Local\Temp\ccCgoSLJ.s 			page 5


 183              		.comm	VALADC,2,2
 184              		.section	.rodata.str1.4,"aMS",%progbits,1
 185              		.align	2
 186              	.LC0:
 187 0000 41444320 		.ascii	"ADC = \000"
 187      3D2000
 188 0007 00       		.space	1
 189              	.LC1:
 190 0008 56726566 		.ascii	"Vref+ = \000"
 190      2B203D20 
 190      00
 191 0011 000000   		.space	3
 192              	.LC2:
 193 0014 205600   		.ascii	" V\000"
 194              		.text
 195              	.Letext0:
 196              		.file 2 "c:\\program files (x86)\\cypress\\psoc creator\\4.4\\psoc creator\\import\\gnu\\arm\\5.4.
 197              		.file 3 "c:\\program files (x86)\\cypress\\psoc creator\\4.4\\psoc creator\\import\\gnu\\arm\\5.4.
 198              		.file 4 "Generated_Source\\PSoC5/cytypes.h"
 199              		.file 5 "Generated_Source\\PSoC5/core_cm3.h"
 200              		.file 6 "Generated_Source\\PSoC5/ADC.h"
 201              		.file 7 "Generated_Source\\PSoC5/LCD.h"
 202              		.file 8 "Generated_Source\\PSoC5/Opamp_1.h"
 203              		.file 9 "Generated_Source\\PSoC5/CyLib.h"
 204              		.section	.debug_info,"",%progbits
 205              	.Ldebug_info0:
 206 0000 98020000 		.4byte	0x298
 207 0004 0400     		.2byte	0x4
 208 0006 00000000 		.4byte	.Ldebug_abbrev0
 209 000a 04       		.byte	0x4
 210 000b 01       		.uleb128 0x1
 211 000c 76010000 		.4byte	.LASF32
 212 0010 0C       		.byte	0xc
 213 0011 23020000 		.4byte	.LASF33
 214 0015 6B000000 		.4byte	.LASF34
 215 0019 00000000 		.4byte	.Ldebug_ranges0+0
 216 001d 00000000 		.4byte	0
 217 0021 00000000 		.4byte	.Ldebug_line0
 218 0025 02       		.uleb128 0x2
 219 0026 01       		.byte	0x1
 220 0027 06       		.byte	0x6
 221 0028 4E020000 		.4byte	.LASF0
 222 002c 02       		.uleb128 0x2
 223 002d 01       		.byte	0x1
 224 002e 08       		.byte	0x8
 225 002f 47000000 		.4byte	.LASF1
 226 0033 02       		.uleb128 0x2
 227 0034 02       		.byte	0x2
 228 0035 05       		.byte	0x5
 229 0036 2F020000 		.4byte	.LASF2
 230 003a 02       		.uleb128 0x2
 231 003b 02       		.byte	0x2
 232 003c 07       		.byte	0x7
 233 003d BE000000 		.4byte	.LASF3
 234 0041 03       		.uleb128 0x3
 235 0042 11000000 		.4byte	.LASF9
 236 0046 02       		.byte	0x2
ARM GAS  C:\Users\Santiago\AppData\Local\Temp\ccCgoSLJ.s 			page 6


 237 0047 3F       		.byte	0x3f
 238 0048 4C000000 		.4byte	0x4c
 239 004c 02       		.uleb128 0x2
 240 004d 04       		.byte	0x4
 241 004e 05       		.byte	0x5
 242 004f 39020000 		.4byte	.LASF4
 243 0053 02       		.uleb128 0x2
 244 0054 04       		.byte	0x4
 245 0055 07       		.byte	0x7
 246 0056 EE000000 		.4byte	.LASF5
 247 005a 02       		.uleb128 0x2
 248 005b 08       		.byte	0x8
 249 005c 05       		.byte	0x5
 250 005d 15020000 		.4byte	.LASF6
 251 0061 02       		.uleb128 0x2
 252 0062 08       		.byte	0x8
 253 0063 07       		.byte	0x7
 254 0064 29010000 		.4byte	.LASF7
 255 0068 04       		.uleb128 0x4
 256 0069 04       		.byte	0x4
 257 006a 05       		.byte	0x5
 258 006b 696E7400 		.ascii	"int\000"
 259 006f 02       		.uleb128 0x2
 260 0070 04       		.byte	0x4
 261 0071 07       		.byte	0x7
 262 0072 1C010000 		.4byte	.LASF8
 263 0076 03       		.uleb128 0x3
 264 0077 04020000 		.4byte	.LASF10
 265 007b 03       		.byte	0x3
 266 007c 2C       		.byte	0x2c
 267 007d 41000000 		.4byte	0x41
 268 0081 05       		.uleb128 0x5
 269 0082 15010000 		.4byte	.LASF11
 270 0086 04       		.byte	0x4
 271 0087 E901     		.2byte	0x1e9
 272 0089 3A000000 		.4byte	0x3a
 273 008d 02       		.uleb128 0x2
 274 008e 04       		.byte	0x4
 275 008f 04       		.byte	0x4
 276 0090 37000000 		.4byte	.LASF12
 277 0094 02       		.uleb128 0x2
 278 0095 08       		.byte	0x8
 279 0096 04       		.byte	0x4
 280 0097 29000000 		.4byte	.LASF13
 281 009b 02       		.uleb128 0x2
 282 009c 01       		.byte	0x1
 283 009d 08       		.byte	0x8
 284 009e 2A020000 		.4byte	.LASF14
 285 00a2 02       		.uleb128 0x2
 286 00a3 08       		.byte	0x8
 287 00a4 04       		.byte	0x4
 288 00a5 42020000 		.4byte	.LASF15
 289 00a9 02       		.uleb128 0x2
 290 00aa 04       		.byte	0x4
 291 00ab 07       		.byte	0x7
 292 00ac 0C020000 		.4byte	.LASF16
 293 00b0 06       		.uleb128 0x6
ARM GAS  C:\Users\Santiago\AppData\Local\Temp\ccCgoSLJ.s 			page 7


 294 00b1 00010000 		.4byte	.LASF35
 295 00b5 01       		.byte	0x1
 296 00b6 10       		.byte	0x10
 297 00b7 68000000 		.4byte	0x68
 298 00bb 00000000 		.4byte	.LFB63
 299 00bf 0C010000 		.4byte	.LFE63-.LFB63
 300 00c3 01       		.uleb128 0x1
 301 00c4 9C       		.byte	0x9c
 302 00c5 E4010000 		.4byte	0x1e4
 303 00c9 07       		.uleb128 0x7
 304 00ca 08000000 		.4byte	.LVL0
 305 00ce 17020000 		.4byte	0x217
 306 00d2 07       		.uleb128 0x7
 307 00d3 0C000000 		.4byte	.LVL1
 308 00d7 22020000 		.4byte	0x222
 309 00db 07       		.uleb128 0x7
 310 00dc 10000000 		.4byte	.LVL2
 311 00e0 2D020000 		.4byte	0x22d
 312 00e4 07       		.uleb128 0x7
 313 00e5 14000000 		.4byte	.LVL3
 314 00e9 38020000 		.4byte	0x238
 315 00ed 08       		.uleb128 0x8
 316 00ee 1A000000 		.4byte	.LVL4
 317 00f2 43020000 		.4byte	0x243
 318 00f6 00010000 		.4byte	0x100
 319 00fa 09       		.uleb128 0x9
 320 00fb 01       		.uleb128 0x1
 321 00fc 50       		.byte	0x50
 322 00fd 01       		.uleb128 0x1
 323 00fe 30       		.byte	0x30
 324 00ff 00       		.byte	0
 325 0100 07       		.uleb128 0x7
 326 0101 1E000000 		.4byte	.LVL5
 327 0105 4E020000 		.4byte	0x24e
 328 0109 08       		.uleb128 0x8
 329 010a 2A000000 		.4byte	.LVL6
 330 010e 59020000 		.4byte	0x259
 331 0112 21010000 		.4byte	0x121
 332 0116 09       		.uleb128 0x9
 333 0117 01       		.uleb128 0x1
 334 0118 50       		.byte	0x50
 335 0119 01       		.uleb128 0x1
 336 011a 30       		.byte	0x30
 337 011b 09       		.uleb128 0x9
 338 011c 01       		.uleb128 0x1
 339 011d 51       		.byte	0x51
 340 011e 01       		.uleb128 0x1
 341 011f 30       		.byte	0x30
 342 0120 00       		.byte	0
 343 0121 08       		.uleb128 0x8
 344 0122 30000000 		.4byte	.LVL7
 345 0126 64020000 		.4byte	0x264
 346 012a 38010000 		.4byte	0x138
 347 012e 09       		.uleb128 0x9
 348 012f 01       		.uleb128 0x1
 349 0130 50       		.byte	0x50
 350 0131 05       		.uleb128 0x5
ARM GAS  C:\Users\Santiago\AppData\Local\Temp\ccCgoSLJ.s 			page 8


 351 0132 03       		.byte	0x3
 352 0133 00000000 		.4byte	.LC0
 353 0137 00       		.byte	0
 354 0138 07       		.uleb128 0x7
 355 0139 36000000 		.4byte	.LVL8
 356 013d 6F020000 		.4byte	0x26f
 357 0141 08       		.uleb128 0x8
 358 0142 3E000000 		.4byte	.LVL9
 359 0146 59020000 		.4byte	0x259
 360 014a 59010000 		.4byte	0x159
 361 014e 09       		.uleb128 0x9
 362 014f 01       		.uleb128 0x1
 363 0150 50       		.byte	0x50
 364 0151 01       		.uleb128 0x1
 365 0152 31       		.byte	0x31
 366 0153 09       		.uleb128 0x9
 367 0154 01       		.uleb128 0x1
 368 0155 51       		.byte	0x51
 369 0156 01       		.uleb128 0x1
 370 0157 30       		.byte	0x30
 371 0158 00       		.byte	0
 372 0159 08       		.uleb128 0x8
 373 015a 44000000 		.4byte	.LVL10
 374 015e 64020000 		.4byte	0x264
 375 0162 70010000 		.4byte	0x170
 376 0166 09       		.uleb128 0x9
 377 0167 01       		.uleb128 0x1
 378 0168 50       		.byte	0x50
 379 0169 05       		.uleb128 0x5
 380 016a 03       		.byte	0x3
 381 016b 08000000 		.4byte	.LC1
 382 016f 00       		.byte	0
 383 0170 07       		.uleb128 0x7
 384 0171 70000000 		.4byte	.LVL14
 385 0175 6F020000 		.4byte	0x26f
 386 0179 08       		.uleb128 0x8
 387 017a 76000000 		.4byte	.LVL15
 388 017e 7A020000 		.4byte	0x27a
 389 0182 8D010000 		.4byte	0x18d
 390 0186 09       		.uleb128 0x9
 391 0187 01       		.uleb128 0x1
 392 0188 50       		.byte	0x50
 393 0189 02       		.uleb128 0x2
 394 018a 08       		.byte	0x8
 395 018b 2E       		.byte	0x2e
 396 018c 00       		.byte	0
 397 018d 07       		.uleb128 0x7
 398 018e 96000000 		.4byte	.LVL16
 399 0192 6F020000 		.4byte	0x26f
 400 0196 07       		.uleb128 0x7
 401 0197 B2000000 		.4byte	.LVL17
 402 019b 6F020000 		.4byte	0x26f
 403 019f 07       		.uleb128 0x7
 404 01a0 C8000000 		.4byte	.LVL18
 405 01a4 6F020000 		.4byte	0x26f
 406 01a8 08       		.uleb128 0x8
 407 01a9 CE000000 		.4byte	.LVL19
ARM GAS  C:\Users\Santiago\AppData\Local\Temp\ccCgoSLJ.s 			page 9


 408 01ad 64020000 		.4byte	0x264
 409 01b1 BF010000 		.4byte	0x1bf
 410 01b5 09       		.uleb128 0x9
 411 01b6 01       		.uleb128 0x1
 412 01b7 50       		.byte	0x50
 413 01b8 05       		.uleb128 0x5
 414 01b9 03       		.byte	0x3
 415 01ba 14000000 		.4byte	.LC2
 416 01be 00       		.byte	0
 417 01bf 08       		.uleb128 0x8
 418 01c0 D6000000 		.4byte	.LVL20
 419 01c4 85020000 		.4byte	0x285
 420 01c8 D4010000 		.4byte	0x1d4
 421 01cc 09       		.uleb128 0x9
 422 01cd 01       		.uleb128 0x1
 423 01ce 50       		.byte	0x50
 424 01cf 03       		.uleb128 0x3
 425 01d0 0A       		.byte	0xa
 426 01d1 F401     		.2byte	0x1f4
 427 01d3 00       		.byte	0
 428 01d4 0A       		.uleb128 0xa
 429 01d5 DC000000 		.4byte	.LVL21
 430 01d9 90020000 		.4byte	0x290
 431 01dd 09       		.uleb128 0x9
 432 01de 01       		.uleb128 0x1
 433 01df 50       		.byte	0x50
 434 01e0 01       		.uleb128 0x1
 435 01e1 31       		.byte	0x31
 436 01e2 00       		.byte	0
 437 01e3 00       		.byte	0
 438 01e4 0B       		.uleb128 0xb
 439 01e5 E1000000 		.4byte	.LASF17
 440 01e9 05       		.byte	0x5
 441 01ea 1207     		.2byte	0x712
 442 01ec F0010000 		.4byte	0x1f0
 443 01f0 0C       		.uleb128 0xc
 444 01f1 76000000 		.4byte	0x76
 445 01f5 0D       		.uleb128 0xd
 446 01f6 30000000 		.4byte	.LASF18
 447 01fa 01       		.byte	0x1
 448 01fb 0E       		.byte	0xe
 449 01fc 81000000 		.4byte	0x81
 450 0200 05       		.uleb128 0x5
 451 0201 03       		.byte	0x3
 452 0202 00000000 		.4byte	VALADC
 453 0206 0D       		.uleb128 0xd
 454 0207 55000000 		.4byte	.LASF19
 455 020b 01       		.byte	0x1
 456 020c 0F       		.byte	0xf
 457 020d 81000000 		.4byte	0x81
 458 0211 05       		.uleb128 0x5
 459 0212 03       		.byte	0x3
 460 0213 00000000 		.4byte	Vref
 461 0217 0E       		.uleb128 0xe
 462 0218 6C010000 		.4byte	.LASF20
 463 021c 6C010000 		.4byte	.LASF20
 464 0220 06       		.byte	0x6
ARM GAS  C:\Users\Santiago\AppData\Local\Temp\ccCgoSLJ.s 			page 10


 465 0221 34       		.byte	0x34
 466 0222 0E       		.uleb128 0xe
 467 0223 3D000000 		.4byte	.LASF21
 468 0227 3D000000 		.4byte	.LASF21
 469 022b 07       		.byte	0x7
 470 022c 38       		.byte	0x38
 471 022d 0E       		.uleb128 0xe
 472 022e 1B000000 		.4byte	.LASF22
 473 0232 1B000000 		.4byte	.LASF22
 474 0236 08       		.byte	0x8
 475 0237 33       		.byte	0x33
 476 0238 0E       		.uleb128 0xe
 477 0239 5A000000 		.4byte	.LASF23
 478 023d 5A000000 		.4byte	.LASF23
 479 0241 06       		.byte	0x6
 480 0242 D1       		.byte	0xd1
 481 0243 0E       		.uleb128 0xe
 482 0244 AA000000 		.4byte	.LASF24
 483 0248 AA000000 		.4byte	.LASF24
 484 024c 06       		.byte	0x6
 485 024d 39       		.byte	0x39
 486 024e 0E       		.uleb128 0xe
 487 024f D1000000 		.4byte	.LASF25
 488 0253 D1000000 		.4byte	.LASF25
 489 0257 06       		.byte	0x6
 490 0258 3B       		.byte	0x3b
 491 0259 0E       		.uleb128 0xe
 492 025a 40010000 		.4byte	.LASF26
 493 025e 40010000 		.4byte	.LASF26
 494 0262 07       		.byte	0x7
 495 0263 3D       		.byte	0x3d
 496 0264 0E       		.uleb128 0xe
 497 0265 05010000 		.4byte	.LASF27
 498 0269 05010000 		.4byte	.LASF27
 499 026d 07       		.byte	0x7
 500 026e 3C       		.byte	0x3c
 501 026f 0E       		.uleb128 0xe
 502 0270 4D010000 		.4byte	.LASF28
 503 0274 4D010000 		.4byte	.LASF28
 504 0278 07       		.byte	0x7
 505 0279 61       		.byte	0x61
 506 027a 0E       		.uleb128 0xe
 507 027b 60010000 		.4byte	.LASF29
 508 027f 60010000 		.4byte	.LASF29
 509 0283 07       		.byte	0x7
 510 0284 3E       		.byte	0x3e
 511 0285 0E       		.uleb128 0xe
 512 0286 5A020000 		.4byte	.LASF30
 513 028a 5A020000 		.4byte	.LASF30
 514 028e 09       		.byte	0x9
 515 028f 76       		.byte	0x76
 516 0290 0E       		.uleb128 0xe
 517 0291 00000000 		.4byte	.LASF31
 518 0295 00000000 		.4byte	.LASF31
 519 0299 07       		.byte	0x7
 520 029a 3A       		.byte	0x3a
 521 029b 00       		.byte	0
ARM GAS  C:\Users\Santiago\AppData\Local\Temp\ccCgoSLJ.s 			page 11


 522              		.section	.debug_abbrev,"",%progbits
 523              	.Ldebug_abbrev0:
 524 0000 01       		.uleb128 0x1
 525 0001 11       		.uleb128 0x11
 526 0002 01       		.byte	0x1
 527 0003 25       		.uleb128 0x25
 528 0004 0E       		.uleb128 0xe
 529 0005 13       		.uleb128 0x13
 530 0006 0B       		.uleb128 0xb
 531 0007 03       		.uleb128 0x3
 532 0008 0E       		.uleb128 0xe
 533 0009 1B       		.uleb128 0x1b
 534 000a 0E       		.uleb128 0xe
 535 000b 55       		.uleb128 0x55
 536 000c 17       		.uleb128 0x17
 537 000d 11       		.uleb128 0x11
 538 000e 01       		.uleb128 0x1
 539 000f 10       		.uleb128 0x10
 540 0010 17       		.uleb128 0x17
 541 0011 00       		.byte	0
 542 0012 00       		.byte	0
 543 0013 02       		.uleb128 0x2
 544 0014 24       		.uleb128 0x24
 545 0015 00       		.byte	0
 546 0016 0B       		.uleb128 0xb
 547 0017 0B       		.uleb128 0xb
 548 0018 3E       		.uleb128 0x3e
 549 0019 0B       		.uleb128 0xb
 550 001a 03       		.uleb128 0x3
 551 001b 0E       		.uleb128 0xe
 552 001c 00       		.byte	0
 553 001d 00       		.byte	0
 554 001e 03       		.uleb128 0x3
 555 001f 16       		.uleb128 0x16
 556 0020 00       		.byte	0
 557 0021 03       		.uleb128 0x3
 558 0022 0E       		.uleb128 0xe
 559 0023 3A       		.uleb128 0x3a
 560 0024 0B       		.uleb128 0xb
 561 0025 3B       		.uleb128 0x3b
 562 0026 0B       		.uleb128 0xb
 563 0027 49       		.uleb128 0x49
 564 0028 13       		.uleb128 0x13
 565 0029 00       		.byte	0
 566 002a 00       		.byte	0
 567 002b 04       		.uleb128 0x4
 568 002c 24       		.uleb128 0x24
 569 002d 00       		.byte	0
 570 002e 0B       		.uleb128 0xb
 571 002f 0B       		.uleb128 0xb
 572 0030 3E       		.uleb128 0x3e
 573 0031 0B       		.uleb128 0xb
 574 0032 03       		.uleb128 0x3
 575 0033 08       		.uleb128 0x8
 576 0034 00       		.byte	0
 577 0035 00       		.byte	0
 578 0036 05       		.uleb128 0x5
ARM GAS  C:\Users\Santiago\AppData\Local\Temp\ccCgoSLJ.s 			page 12


 579 0037 16       		.uleb128 0x16
 580 0038 00       		.byte	0
 581 0039 03       		.uleb128 0x3
 582 003a 0E       		.uleb128 0xe
 583 003b 3A       		.uleb128 0x3a
 584 003c 0B       		.uleb128 0xb
 585 003d 3B       		.uleb128 0x3b
 586 003e 05       		.uleb128 0x5
 587 003f 49       		.uleb128 0x49
 588 0040 13       		.uleb128 0x13
 589 0041 00       		.byte	0
 590 0042 00       		.byte	0
 591 0043 06       		.uleb128 0x6
 592 0044 2E       		.uleb128 0x2e
 593 0045 01       		.byte	0x1
 594 0046 3F       		.uleb128 0x3f
 595 0047 19       		.uleb128 0x19
 596 0048 03       		.uleb128 0x3
 597 0049 0E       		.uleb128 0xe
 598 004a 3A       		.uleb128 0x3a
 599 004b 0B       		.uleb128 0xb
 600 004c 3B       		.uleb128 0x3b
 601 004d 0B       		.uleb128 0xb
 602 004e 27       		.uleb128 0x27
 603 004f 19       		.uleb128 0x19
 604 0050 49       		.uleb128 0x49
 605 0051 13       		.uleb128 0x13
 606 0052 8701     		.uleb128 0x87
 607 0054 19       		.uleb128 0x19
 608 0055 11       		.uleb128 0x11
 609 0056 01       		.uleb128 0x1
 610 0057 12       		.uleb128 0x12
 611 0058 06       		.uleb128 0x6
 612 0059 40       		.uleb128 0x40
 613 005a 18       		.uleb128 0x18
 614 005b 9642     		.uleb128 0x2116
 615 005d 19       		.uleb128 0x19
 616 005e 01       		.uleb128 0x1
 617 005f 13       		.uleb128 0x13
 618 0060 00       		.byte	0
 619 0061 00       		.byte	0
 620 0062 07       		.uleb128 0x7
 621 0063 898201   		.uleb128 0x4109
 622 0066 00       		.byte	0
 623 0067 11       		.uleb128 0x11
 624 0068 01       		.uleb128 0x1
 625 0069 31       		.uleb128 0x31
 626 006a 13       		.uleb128 0x13
 627 006b 00       		.byte	0
 628 006c 00       		.byte	0
 629 006d 08       		.uleb128 0x8
 630 006e 898201   		.uleb128 0x4109
 631 0071 01       		.byte	0x1
 632 0072 11       		.uleb128 0x11
 633 0073 01       		.uleb128 0x1
 634 0074 31       		.uleb128 0x31
 635 0075 13       		.uleb128 0x13
ARM GAS  C:\Users\Santiago\AppData\Local\Temp\ccCgoSLJ.s 			page 13


 636 0076 01       		.uleb128 0x1
 637 0077 13       		.uleb128 0x13
 638 0078 00       		.byte	0
 639 0079 00       		.byte	0
 640 007a 09       		.uleb128 0x9
 641 007b 8A8201   		.uleb128 0x410a
 642 007e 00       		.byte	0
 643 007f 02       		.uleb128 0x2
 644 0080 18       		.uleb128 0x18
 645 0081 9142     		.uleb128 0x2111
 646 0083 18       		.uleb128 0x18
 647 0084 00       		.byte	0
 648 0085 00       		.byte	0
 649 0086 0A       		.uleb128 0xa
 650 0087 898201   		.uleb128 0x4109
 651 008a 01       		.byte	0x1
 652 008b 11       		.uleb128 0x11
 653 008c 01       		.uleb128 0x1
 654 008d 31       		.uleb128 0x31
 655 008e 13       		.uleb128 0x13
 656 008f 00       		.byte	0
 657 0090 00       		.byte	0
 658 0091 0B       		.uleb128 0xb
 659 0092 34       		.uleb128 0x34
 660 0093 00       		.byte	0
 661 0094 03       		.uleb128 0x3
 662 0095 0E       		.uleb128 0xe
 663 0096 3A       		.uleb128 0x3a
 664 0097 0B       		.uleb128 0xb
 665 0098 3B       		.uleb128 0x3b
 666 0099 05       		.uleb128 0x5
 667 009a 49       		.uleb128 0x49
 668 009b 13       		.uleb128 0x13
 669 009c 3F       		.uleb128 0x3f
 670 009d 19       		.uleb128 0x19
 671 009e 3C       		.uleb128 0x3c
 672 009f 19       		.uleb128 0x19
 673 00a0 00       		.byte	0
 674 00a1 00       		.byte	0
 675 00a2 0C       		.uleb128 0xc
 676 00a3 35       		.uleb128 0x35
 677 00a4 00       		.byte	0
 678 00a5 49       		.uleb128 0x49
 679 00a6 13       		.uleb128 0x13
 680 00a7 00       		.byte	0
 681 00a8 00       		.byte	0
 682 00a9 0D       		.uleb128 0xd
 683 00aa 34       		.uleb128 0x34
 684 00ab 00       		.byte	0
 685 00ac 03       		.uleb128 0x3
 686 00ad 0E       		.uleb128 0xe
 687 00ae 3A       		.uleb128 0x3a
 688 00af 0B       		.uleb128 0xb
 689 00b0 3B       		.uleb128 0x3b
 690 00b1 0B       		.uleb128 0xb
 691 00b2 49       		.uleb128 0x49
 692 00b3 13       		.uleb128 0x13
ARM GAS  C:\Users\Santiago\AppData\Local\Temp\ccCgoSLJ.s 			page 14


 693 00b4 3F       		.uleb128 0x3f
 694 00b5 19       		.uleb128 0x19
 695 00b6 02       		.uleb128 0x2
 696 00b7 18       		.uleb128 0x18
 697 00b8 00       		.byte	0
 698 00b9 00       		.byte	0
 699 00ba 0E       		.uleb128 0xe
 700 00bb 2E       		.uleb128 0x2e
 701 00bc 00       		.byte	0
 702 00bd 3F       		.uleb128 0x3f
 703 00be 19       		.uleb128 0x19
 704 00bf 3C       		.uleb128 0x3c
 705 00c0 19       		.uleb128 0x19
 706 00c1 6E       		.uleb128 0x6e
 707 00c2 0E       		.uleb128 0xe
 708 00c3 03       		.uleb128 0x3
 709 00c4 0E       		.uleb128 0xe
 710 00c5 3A       		.uleb128 0x3a
 711 00c6 0B       		.uleb128 0xb
 712 00c7 3B       		.uleb128 0x3b
 713 00c8 0B       		.uleb128 0xb
 714 00c9 00       		.byte	0
 715 00ca 00       		.byte	0
 716 00cb 00       		.byte	0
 717              		.section	.debug_aranges,"",%progbits
 718 0000 1C000000 		.4byte	0x1c
 719 0004 0200     		.2byte	0x2
 720 0006 00000000 		.4byte	.Ldebug_info0
 721 000a 04       		.byte	0x4
 722 000b 00       		.byte	0
 723 000c 0000     		.2byte	0
 724 000e 0000     		.2byte	0
 725 0010 00000000 		.4byte	.LFB63
 726 0014 0C010000 		.4byte	.LFE63-.LFB63
 727 0018 00000000 		.4byte	0
 728 001c 00000000 		.4byte	0
 729              		.section	.debug_ranges,"",%progbits
 730              	.Ldebug_ranges0:
 731 0000 00000000 		.4byte	.LFB63
 732 0004 0C010000 		.4byte	.LFE63
 733 0008 00000000 		.4byte	0
 734 000c 00000000 		.4byte	0
 735              		.section	.debug_line,"",%progbits
 736              	.Ldebug_line0:
 737 0000 E4010000 		.section	.debug_str,"MS",%progbits,1
 737      02007601 
 737      00000201 
 737      FB0E0D00 
 737      01010101 
 738              	.LASF31:
 739 0000 4C43445F 		.ascii	"LCD_WriteControl\000"
 739      57726974 
 739      65436F6E 
 739      74726F6C 
 739      00
 740              	.LASF9:
 741 0011 5F5F696E 		.ascii	"__int32_t\000"
ARM GAS  C:\Users\Santiago\AppData\Local\Temp\ccCgoSLJ.s 			page 15


 741      7433325F 
 741      7400
 742              	.LASF22:
 743 001b 4F70616D 		.ascii	"Opamp_1_Start\000"
 743      705F315F 
 743      53746172 
 743      7400
 744              	.LASF13:
 745 0029 646F7562 		.ascii	"double\000"
 745      6C6500
 746              	.LASF18:
 747 0030 56414C41 		.ascii	"VALADC\000"
 747      444300
 748              	.LASF12:
 749 0037 666C6F61 		.ascii	"float\000"
 749      7400
 750              	.LASF21:
 751 003d 4C43445F 		.ascii	"LCD_Start\000"
 751      53746172 
 751      7400
 752              	.LASF1:
 753 0047 756E7369 		.ascii	"unsigned char\000"
 753      676E6564 
 753      20636861 
 753      7200
 754              	.LASF19:
 755 0055 56726566 		.ascii	"Vref\000"
 755      00
 756              	.LASF23:
 757 005a 4144435F 		.ascii	"ADC_StartConvert\000"
 757      53746172 
 757      74436F6E 
 757      76657274 
 757      00
 758              	.LASF34:
 759 006b 443A5C55 		.ascii	"D:\\Universidad\\Sensores\\PSoC\\Sensores\\Voltaje_"
 759      6E697665 
 759      72736964 
 759      61645C53 
 759      656E736F 
 760 0099 72656665 		.ascii	"referencia.cydsn\000"
 760      72656E63 
 760      69612E63 
 760      7964736E 
 760      00
 761              	.LASF24:
 762 00aa 4144435F 		.ascii	"ADC_IsEndConversion\000"
 762      4973456E 
 762      64436F6E 
 762      76657273 
 762      696F6E00 
 763              	.LASF3:
 764 00be 73686F72 		.ascii	"short unsigned int\000"
 764      7420756E 
 764      7369676E 
 764      65642069 
 764      6E7400
ARM GAS  C:\Users\Santiago\AppData\Local\Temp\ccCgoSLJ.s 			page 16


 765              	.LASF25:
 766 00d1 4144435F 		.ascii	"ADC_GetResult16\000"
 766      47657452 
 766      6573756C 
 766      74313600 
 767              	.LASF17:
 768 00e1 49544D5F 		.ascii	"ITM_RxBuffer\000"
 768      52784275 
 768      66666572 
 768      00
 769              	.LASF5:
 770 00ee 6C6F6E67 		.ascii	"long unsigned int\000"
 770      20756E73 
 770      69676E65 
 770      6420696E 
 770      7400
 771              	.LASF35:
 772 0100 6D61696E 		.ascii	"main\000"
 772      00
 773              	.LASF27:
 774 0105 4C43445F 		.ascii	"LCD_PrintString\000"
 774      5072696E 
 774      74537472 
 774      696E6700 
 775              	.LASF11:
 776 0115 75696E74 		.ascii	"uint16\000"
 776      313600
 777              	.LASF8:
 778 011c 756E7369 		.ascii	"unsigned int\000"
 778      676E6564 
 778      20696E74 
 778      00
 779              	.LASF7:
 780 0129 6C6F6E67 		.ascii	"long long unsigned int\000"
 780      206C6F6E 
 780      6720756E 
 780      7369676E 
 780      65642069 
 781              	.LASF26:
 782 0140 4C43445F 		.ascii	"LCD_Position\000"
 782      506F7369 
 782      74696F6E 
 782      00
 783              	.LASF28:
 784 014d 4C43445F 		.ascii	"LCD_PrintU32Number\000"
 784      5072696E 
 784      74553332 
 784      4E756D62 
 784      657200
 785              	.LASF29:
 786 0160 4C43445F 		.ascii	"LCD_PutChar\000"
 786      50757443 
 786      68617200 
 787              	.LASF20:
 788 016c 4144435F 		.ascii	"ADC_Start\000"
 788      53746172 
 788      7400
ARM GAS  C:\Users\Santiago\AppData\Local\Temp\ccCgoSLJ.s 			page 17


 789              	.LASF32:
 790 0176 474E5520 		.ascii	"GNU C11 5.4.1 20160609 (release) [ARM/embedded-5-br"
 790      43313120 
 790      352E342E 
 790      31203230 
 790      31363036 
 791 01a9 616E6368 		.ascii	"anch revision 237715] -mcpu=cortex-m3 -mthumb -g -O"
 791      20726576 
 791      6973696F 
 791      6E203233 
 791      37373135 
 792 01dc 67202D66 		.ascii	"g -ffunction-sections -ffat-lto-objects\000"
 792      66756E63 
 792      74696F6E 
 792      2D736563 
 792      74696F6E 
 793              	.LASF10:
 794 0204 696E7433 		.ascii	"int32_t\000"
 794      325F7400 
 795              	.LASF16:
 796 020c 73697A65 		.ascii	"sizetype\000"
 796      74797065 
 796      00
 797              	.LASF6:
 798 0215 6C6F6E67 		.ascii	"long long int\000"
 798      206C6F6E 
 798      6720696E 
 798      7400
 799              	.LASF33:
 800 0223 6D61696E 		.ascii	"main.c\000"
 800      2E6300
 801              	.LASF14:
 802 022a 63686172 		.ascii	"char\000"
 802      00
 803              	.LASF2:
 804 022f 73686F72 		.ascii	"short int\000"
 804      7420696E 
 804      7400
 805              	.LASF4:
 806 0239 6C6F6E67 		.ascii	"long int\000"
 806      20696E74 
 806      00
 807              	.LASF15:
 808 0242 6C6F6E67 		.ascii	"long double\000"
 808      20646F75 
 808      626C6500 
 809              	.LASF0:
 810 024e 7369676E 		.ascii	"signed char\000"
 810      65642063 
 810      68617200 
 811              	.LASF30:
 812 025a 43794465 		.ascii	"CyDelay\000"
 812      6C617900 
 813              		.ident	"GCC: (GNU Tools for ARM Embedded Processors) 5.4.1 20160609 (release) [ARM/embedded-5-bran
