--------------- Build Started: 11/27/2021 10:18:43 Project: Voltaje_referencia, Configuration: ARM GCC 5.4-2016-q2-update Debug ---------------
cydsfit.exe -.appdatapath "C:\Users\Santiago\AppData\Local\Cypress Semiconductor\PSoC Creator\4.4" -.fdsnotice -.fdswarpdepfile=warp_dependencies.txt -.fdselabdepfile=elab_dependencies.txt -.fdsbldfile=generated_files.txt -.fdsreffile=referenced_files.txt -p D:\Universidad\Sensores\PSoC\Sensores\Voltaje_referencia.cydsn\Voltaje_referencia.cyprj -d CY8C5888LTI-LP097 -s D:\Universidad\Sensores\PSoC\Sensores\Voltaje_referencia.cydsn\Generated_Source\PSoC5 -- -yv2 -q10 -ygs -o2 -v3 -.fftcfgtype=LE
Elaborating Design...
ADD: fit.M0029: information: Voltage Reference Information: Vref '1.024V' is connected to terminal 'vplus' of '\ADC:ADC_SAR\' but no direct hardware connection exists.
 * C:\Program Files (x86)\Cypress\PSoC Creator\4.4\PSoC Creator\psoc\content\CyComponentLibrary\CyComponentLibrary.cylib\ADC_SAR_v3_10\PSoC5\ADC_SAR_v3_10.cysch (Instance:ADC_SAR)
 * D:\Universidad\Sensores\PSoC\Sensores\Voltaje_referencia.cydsn\TopDesign\TopDesign.cysch (Instance:vRef_1)
ADD: fit.M0029: information: Voltage Reference Information: Vref '1.024V' is connected to terminal 'analog_0' of 'Pin_1' but no direct hardware connection exists.
 * D:\Universidad\Sensores\PSoC\Sensores\Voltaje_referencia.cydsn\TopDesign\TopDesign.cysch (Instance:vRef_1)
 * D:\Universidad\Sensores\PSoC\Sensores\Voltaje_referencia.cydsn\TopDesign\TopDesign.cysch (Instance:Pin_1)
HDL Generation...
Synthesis...
Tech Mapping...
ADD: pft.M0040: information: The following 1 pin(s) will be assigned a location by the fitter: Pin_1(0)
Analog Placement...
Log: apr.M0058: The analog placement iterative improvement is 58% done. (App=cydsfit)
Analog Routing...
Analog Code Generation...
Info: apr.M0060: Comparator 'Comparator[2]@[FFB(Comparator,2)]' is powered up by analog subsystem to support an auto-enabled vref. (App=cydsfit)
Digital Placement...
Digital Routing...
Bitstream Generation...
Bitstream Verification...
Static timing analysis...
API Generation...
Dependency Generation...
Cleanup...
--------------- Build Succeeded: 11/27/2021 10:18:58 ---------------
